# Debug Changes Log - cmdw-close-001 (Investigation v2)
# All temporary modifications have been reverted.

CHANGE_ID: 001
FILE: mkdn/App/MkdnCommands.swift
TYPE: debug_logging
DESCRIPTION: Added print statements to Close Window button action
REVERT: Restored original code
STATUS: reverted

CHANGE_ID: 002
FILE: mkdn/App/MkdnCommands.swift
TYPE: test_modification
DESCRIPTION: Changed button titles, keyboard shortcuts, and CommandGroup placements to test rendering
REVERT: Restored original code
STATUS: reverted

CHANGE_ID: 003
FILE: mkdnEntry/main.swift
TYPE: test_modification
DESCRIPTION: Modified CommandGroup(replacing: .newItem) to include Close button; tested various placements
REVERT: Restored to `CommandGroup(replacing: .newItem) {}`
STATUS: reverted

CHANGE_ID: 004
FILE: mkdn/App/AppDelegate.swift
TYPE: debug_logging
DESCRIPTION: Added applicationDidFinishLaunching with NSMenu dump, event monitor, and programmatic close test
REVERT: Removed all debug code
STATUS: reverted

# Temporary files created during investigation (outside source tree):
# /tmp/test-cmdw.md
# /tmp/cmdw-debug*.log
# /tmp/mkdn-menu-dump.txt
# /tmp/mkdn-inject.txt
# /tmp/mkdn-launch.txt
# /tmp/mkdn-cmdw-monitor.txt
# /tmp/mkdn-keydown-*.txt
